[2020-06-21 10:19:56] merlin-logger.DEBUG: The welcome step has been displayed [] []
[2020-06-21 10:20:02] merlin-logger.DEBUG: The child theme installation step has been displayed [] []
[2020-06-21 10:20:08] merlin-logger.DEBUG: The child theme style.css content was generated [] []
[2020-06-21 10:20:08] merlin-logger.DEBUG: The child theme functions.php content was generated [] []
[2020-06-21 10:20:08] merlin-logger.DEBUG: The child theme screenshot was copied to the child theme, with the following result {"copied":true} []
[2020-06-21 10:20:08] merlin-logger.DEBUG: The newly generated child theme was activated [] []
[2020-06-21 10:20:14] merlin-logger.DEBUG: The plugin installation step has been displayed [] []
[2020-06-21 10:20:20] merlin-logger.DEBUG: A plugin with the following data will be processed {"plugin_slug":"meta-box","message":"Installing"} []
[2020-06-21 10:20:40] merlin-logger.DEBUG: A plugin with the following data was processed {"plugin_slug":"meta-box"} []
[2020-06-21 10:20:40] merlin-logger.DEBUG: A plugin with the following data will be processed {"plugin_slug":"meta-box-show-hide","message":"Installing"} []
[2020-06-21 10:20:47] merlin-logger.DEBUG: A plugin with the following data was processed {"plugin_slug":"meta-box-show-hide"} []
[2020-06-21 10:20:47] merlin-logger.DEBUG: A plugin with the following data will be processed {"plugin_slug":"meta-box-tabs","message":"Installing"} []
[2020-06-21 10:20:55] merlin-logger.DEBUG: A plugin with the following data was processed {"plugin_slug":"meta-box-tabs"} []
[2020-06-21 10:20:55] merlin-logger.DEBUG: A plugin with the following data will be processed {"plugin_slug":"js_composer","message":"Installing"} []
[2020-06-21 10:21:55] merlin-logger.DEBUG: A plugin with the following data was processed {"plugin_slug":"js_composer"} []
[2020-06-21 10:22:04] merlin-logger.DEBUG: A plugin with the following data was processed {"plugin_slug":"js_composer"} []
[2020-06-21 10:22:06] merlin-logger.DEBUG: A plugin with the following data will be processed {"plugin_slug":"nt-softing-shortcodes","message":"Installing"} []
[2020-06-21 10:22:14] merlin-logger.DEBUG: A plugin with the following data was processed {"plugin_slug":"nt-softing-shortcodes"} []
[2020-06-21 10:22:15] merlin-logger.DEBUG: A plugin with the following data will be processed {"plugin_slug":"redux-framework","message":"Installing"} []
[2020-06-21 10:23:09] merlin-logger.DEBUG: A plugin with the following data was processed {"plugin_slug":"redux-framework"} []
[2020-06-21 10:23:10] merlin-logger.DEBUG: A plugin with the following data will be processed {"plugin_slug":"contact-form-7","message":"Installing"} []
[2020-06-21 10:23:33] merlin-logger.DEBUG: A plugin with the following data was processed {"plugin_slug":"contact-form-7"} []
[2020-06-21 10:23:33] merlin-logger.DEBUG: A plugin with the following data will be processed {"plugin_slug":"envato-market","message":"Installing"} []
[2020-06-21 10:23:50] merlin-logger.DEBUG: A plugin with the following data was processed {"plugin_slug":"envato-market"} []
[2020-06-21 10:23:51] merlin-logger.DEBUG: A plugin with the following data will be processed {"plugin_slug":"revolution_slider","message":"Installing"} []
[2020-06-21 10:25:13] merlin-logger.DEBUG: A plugin with the following data was processed {"plugin_slug":"revolution_slider"} []
[2020-06-21 10:25:24] merlin-logger.DEBUG: The content import step has been displayed [] []
[2020-06-21 10:27:29] merlin-logger.ERROR: An error occurred while fetching file from: <strong>D:\xampp\htdocs\kodestudio/wp-content/themes/softing/inc/merlin/demodata/redux.json</strong>!<br>Reason: http_request_failed - A valid URL was not provided.. {"url":"D:\\xampp\\htdocs\\kodestudio/wp-content/themes/softing/inc/merlin/demodata/redux.json","filename":"redux-0-2020-06-21__10-27-29.json"} []
[2020-06-21 10:27:29] merlin-logger.ERROR: An error occurred while fetching file from: <strong>D:\xampp\htdocs\kodestudio/wp-content/themes/softing/inc/merlin/demodata/redux.json</strong>!<br>Reason: http_request_failed - A valid URL was not provided.. {"url":"D:\\xampp\\htdocs\\kodestudio/wp-content/themes/softing/inc/merlin/demodata/redux.json","filename":"redux-0-2020-06-21__10-27-29.json"} []
[2020-06-21 10:27:29] merlin-logger.ERROR: An error occurred while fetching file from: <strong>D:\xampp\htdocs\kodestudio/wp-content/themes/softing/inc/merlin/demodata/redux.json</strong>!<br>Reason: http_request_failed - A valid URL was not provided.. {"url":"D:\\xampp\\htdocs\\kodestudio/wp-content/themes/softing/inc/merlin/demodata/redux.json","filename":"redux-0-2020-06-21__10-27-29.json"} []
[2020-06-21 10:27:29] merlin-logger.INFO: The content import AJAX call will be executed with this import data {"title":"Content","data":"D:\\xampp\\htdocs\\kodestudio/wp-content/themes/softing/inc/merlin/demodata/data.xml"} []
[2020-06-21 10:27:29] merlin-logger.INFO: Imported "Business" (category) [] []
[2020-06-21 10:27:29] merlin-logger.DEBUG: Term 4 remapped to 10 [] []
[2020-06-21 10:27:29] merlin-logger.INFO: Imported "black" (post_tag) [] []
[2020-06-21 10:27:29] merlin-logger.DEBUG: Term 3 remapped to 11 [] []
[2020-06-21 10:27:29] merlin-logger.INFO: Imported "developer" (post_tag) [] []
[2020-06-21 10:27:29] merlin-logger.DEBUG: Term 9 remapped to 12 [] []
[2020-06-21 10:27:29] merlin-logger.INFO: Imported "green" (post_tag) [] []
[2020-06-21 10:27:29] merlin-logger.DEBUG: Term 5 remapped to 13 [] []
[2020-06-21 10:27:29] merlin-logger.INFO: Imported "ninetheme" (post_tag) [] []
[2020-06-21 10:27:29] merlin-logger.DEBUG: Term 6 remapped to 14 [] []
[2020-06-21 10:27:29] merlin-logger.INFO: Imported "post" (post_tag) [] []
[2020-06-21 10:27:29] merlin-logger.DEBUG: Term 7 remapped to 15 [] []
[2020-06-21 10:27:29] merlin-logger.INFO: Imported "theme" (post_tag) [] []
[2020-06-21 10:27:29] merlin-logger.DEBUG: Term 8 remapped to 16 [] []
[2020-06-21 10:27:29] merlin-logger.INFO: Imported "footer" (nav_menu) [] []
[2020-06-21 10:27:29] merlin-logger.DEBUG: Term 12 remapped to 17 [] []
[2020-06-21 10:27:29] merlin-logger.INFO: Imported "Audio" (post_format) [] []
[2020-06-21 10:27:29] merlin-logger.DEBUG: Term 14 remapped to 18 [] []
[2020-06-21 10:27:29] merlin-logger.INFO: Imported "Gallery" (post_format) [] []
[2020-06-21 10:27:29] merlin-logger.DEBUG: Term 10 remapped to 19 [] []
[2020-06-21 10:27:29] merlin-logger.INFO: Imported "Video" (post_format) [] []
[2020-06-21 10:27:29] merlin-logger.DEBUG: Term 11 remapped to 20 [] []
[2020-06-21 10:27:29] merlin-logger.INFO: Imported "primary" (nav_menu) [] []
[2020-06-21 10:27:29] merlin-logger.DEBUG: Term 13 remapped to 21 [] []
[2020-06-21 10:27:34] merlin-logger.INFO: Imported " 				2-vertical		" (Media) [] []
[2020-06-21 10:27:34] merlin-logger.DEBUG: Post 5 remapped to 5 [] []
[2020-06-21 10:27:39] merlin-logger.INFO: Imported " 				1		" (Media) [] []
[2020-06-21 10:27:39] merlin-logger.DEBUG: Post 488 remapped to 488 [] []
[2020-06-21 10:27:42] merlin-logger.INFO: Imported " 				1-vertical		" (Media) [] []
[2020-06-21 10:27:42] merlin-logger.DEBUG: Post 489 remapped to 489 [] []
[2020-06-21 10:27:47] merlin-logger.INFO: Imported " 				2		" (Media) [] []
[2020-06-21 10:27:47] merlin-logger.DEBUG: Post 490 remapped to 490 [] []
[2020-06-21 10:27:52] merlin-logger.INFO: Imported " 				3		" (Media) [] []
[2020-06-21 10:27:52] merlin-logger.DEBUG: Post 492 remapped to 492 [] []
[2020-06-21 10:27:52] merlin-logger.INFO: New AJAX call! [] []
[2020-06-21 10:27:53] merlin-logger.ERROR: An error occurred while fetching file from: <strong>D:\xampp\htdocs\kodestudio/wp-content/themes/softing/inc/merlin/demodata/redux.json</strong>!<br>Reason: http_request_failed - A valid URL was not provided.. {"url":"D:\\xampp\\htdocs\\kodestudio/wp-content/themes/softing/inc/merlin/demodata/redux.json","filename":"redux-0-2020-06-21__10-27-29.json"} []
[2020-06-21 10:27:53] merlin-logger.INFO: The content import AJAX call will be executed with this import data {"title":"Content","data":"D:\\xampp\\htdocs\\kodestudio/wp-content/themes/softing/inc/merlin/demodata/data.xml"} []
[2020-06-21 10:27:57] merlin-logger.INFO: Imported " 				3-vertical		" (Media) [] []
[2020-06-21 10:27:57] merlin-logger.DEBUG: Post 493 remapped to 493 [] []
[2020-06-21 10:28:02] merlin-logger.INFO: Imported " 				4		" (Media) [] []
[2020-06-21 10:28:02] merlin-logger.DEBUG: Post 494 remapped to 494 [] []
[2020-06-21 10:28:06] merlin-logger.INFO: Imported " 				5		" (Media) [] []
[2020-06-21 10:28:06] merlin-logger.DEBUG: Post 495 remapped to 495 [] []
[2020-06-21 10:28:12] merlin-logger.INFO: Imported " 				1		" (Media) [] []
[2020-06-21 10:28:12] merlin-logger.DEBUG: Post 500 remapped to 500 [] []
[2020-06-21 10:28:17] merlin-logger.INFO: Imported " 				2		" (Media) [] []
[2020-06-21 10:28:17] merlin-logger.DEBUG: Post 501 remapped to 501 [] []
[2020-06-21 10:28:17] merlin-logger.INFO: New AJAX call! [] []
[2020-06-21 10:28:18] merlin-logger.ERROR: An error occurred while fetching file from: <strong>D:\xampp\htdocs\kodestudio/wp-content/themes/softing/inc/merlin/demodata/redux.json</strong>!<br>Reason: http_request_failed - A valid URL was not provided.. {"url":"D:\\xampp\\htdocs\\kodestudio/wp-content/themes/softing/inc/merlin/demodata/redux.json","filename":"redux-0-2020-06-21__10-27-29.json"} []
[2020-06-21 10:28:18] merlin-logger.INFO: The content import AJAX call will be executed with this import data {"title":"Content","data":"D:\\xampp\\htdocs\\kodestudio/wp-content/themes/softing/inc/merlin/demodata/data.xml"} []
[2020-06-21 10:28:24] merlin-logger.INFO: Imported " 				3		" (Media) [] []
[2020-06-21 10:28:24] merlin-logger.DEBUG: Post 502 remapped to 502 [] []
[2020-06-21 10:28:29] merlin-logger.INFO: Imported " 				4		" (Media) [] []
[2020-06-21 10:28:29] merlin-logger.DEBUG: Post 503 remapped to 503 [] []
[2020-06-21 10:28:33] merlin-logger.INFO: Imported " 				5		" (Media) [] []
[2020-06-21 10:28:33] merlin-logger.DEBUG: Post 504 remapped to 504 [] []
[2020-06-21 10:28:39] merlin-logger.INFO: Imported " 				6		" (Media) [] []
[2020-06-21 10:28:39] merlin-logger.DEBUG: Post 505 remapped to 505 [] []
[2020-06-21 10:28:39] merlin-logger.INFO: New AJAX call! [] []
[2020-06-21 10:28:40] merlin-logger.ERROR: An error occurred while fetching file from: <strong>D:\xampp\htdocs\kodestudio/wp-content/themes/softing/inc/merlin/demodata/redux.json</strong>!<br>Reason: http_request_failed - A valid URL was not provided.. {"url":"D:\\xampp\\htdocs\\kodestudio/wp-content/themes/softing/inc/merlin/demodata/redux.json","filename":"redux-0-2020-06-21__10-27-29.json"} []
[2020-06-21 10:28:40] merlin-logger.INFO: The content import AJAX call will be executed with this import data {"title":"Content","data":"D:\\xampp\\htdocs\\kodestudio/wp-content/themes/softing/inc/merlin/demodata/data.xml"} []
[2020-06-21 10:28:45] merlin-logger.INFO: Imported " 				7		" (Media) [] []
[2020-06-21 10:28:45] merlin-logger.DEBUG: Post 506 remapped to 506 [] []
[2020-06-21 10:28:49] merlin-logger.INFO: Imported " 				8		" (Media) [] []
[2020-06-21 10:28:49] merlin-logger.DEBUG: Post 508 remapped to 508 [] []
[2020-06-21 10:28:50] merlin-logger.INFO: Imported " 				preloader		" (Media) [] []
[2020-06-21 10:28:50] merlin-logger.DEBUG: Post 526 remapped to 526 [] []
[2020-06-21 10:28:52] merlin-logger.INFO: Imported " 				logo-big		" (Media) [] []
[2020-06-21 10:28:52] merlin-logger.DEBUG: Post 527 remapped to 527 [] []
[2020-06-21 10:28:53] merlin-logger.INFO: Imported " 				logo-light		" (Media) [] []
[2020-06-21 10:28:53] merlin-logger.DEBUG: Post 528 remapped to 528 [] []
[2020-06-21 10:28:54] merlin-logger.INFO: Imported " 				logo		" (Media) [] []
[2020-06-21 10:28:54] merlin-logger.DEBUG: Post 529 remapped to 529 [] []
[2020-06-21 10:28:57] merlin-logger.INFO: Imported " 				app		" (Media) [] []
[2020-06-21 10:28:57] merlin-logger.DEBUG: Post 531 remapped to 531 [] []
[2020-06-21 10:28:59] merlin-logger.INFO: Imported " 				app-1		" (Media) [] []
[2020-06-21 10:28:59] merlin-logger.DEBUG: Post 532 remapped to 532 [] []
[2020-06-21 10:29:03] merlin-logger.INFO: Imported " 				app-2		" (Media) [] []
[2020-06-21 10:29:03] merlin-logger.DEBUG: Post 533 remapped to 533 [] []
[2020-06-21 10:29:03] merlin-logger.INFO: New AJAX call! [] []
[2020-06-21 10:29:04] merlin-logger.ERROR: An error occurred while fetching file from: <strong>D:\xampp\htdocs\kodestudio/wp-content/themes/softing/inc/merlin/demodata/redux.json</strong>!<br>Reason: http_request_failed - A valid URL was not provided.. {"url":"D:\\xampp\\htdocs\\kodestudio/wp-content/themes/softing/inc/merlin/demodata/redux.json","filename":"redux-0-2020-06-21__10-27-29.json"} []
[2020-06-21 10:29:04] merlin-logger.INFO: The content import AJAX call will be executed with this import data {"title":"Content","data":"D:\\xampp\\htdocs\\kodestudio/wp-content/themes/softing/inc/merlin/demodata/data.xml"} []
[2020-06-21 10:29:08] merlin-logger.INFO: Imported " 				app-3		" (Media) [] []
[2020-06-21 10:29:08] merlin-logger.DEBUG: Post 534 remapped to 534 [] []
[2020-06-21 10:29:17] merlin-logger.INFO: Imported " 				app-4		" (Media) [] []
[2020-06-21 10:29:17] merlin-logger.DEBUG: Post 535 remapped to 535 [] []
[2020-06-21 10:29:24] merlin-logger.INFO: Imported " 				app-5		" (Media) [] []
[2020-06-21 10:29:24] merlin-logger.DEBUG: Post 536 remapped to 536 [] []
[2020-06-21 10:29:24] merlin-logger.INFO: New AJAX call! [] []
[2020-06-21 10:29:25] merlin-logger.ERROR: An error occurred while fetching file from: <strong>D:\xampp\htdocs\kodestudio/wp-content/themes/softing/inc/merlin/demodata/redux.json</strong>!<br>Reason: http_request_failed - A valid URL was not provided.. {"url":"D:\\xampp\\htdocs\\kodestudio/wp-content/themes/softing/inc/merlin/demodata/redux.json","filename":"redux-0-2020-06-21__10-27-29.json"} []
[2020-06-21 10:29:25] merlin-logger.INFO: The content import AJAX call will be executed with this import data {"title":"Content","data":"D:\\xampp\\htdocs\\kodestudio/wp-content/themes/softing/inc/merlin/demodata/data.xml"} []
[2020-06-21 10:29:29] merlin-logger.INFO: Imported " 				app-7		" (Media) [] []
[2020-06-21 10:29:29] merlin-logger.DEBUG: Post 537 remapped to 537 [] []
[2020-06-21 10:29:32] merlin-logger.INFO: Imported " 				app-8		" (Media) [] []
[2020-06-21 10:29:32] merlin-logger.DEBUG: Post 538 remapped to 538 [] []
[2020-06-21 10:29:34] merlin-logger.INFO: Imported " 				app-9		" (Media) [] []
[2020-06-21 10:29:34] merlin-logger.DEBUG: Post 539 remapped to 539 [] []
[2020-06-21 10:29:37] merlin-logger.INFO: Imported " 				app-10		" (Media) [] []
[2020-06-21 10:29:37] merlin-logger.DEBUG: Post 540 remapped to 540 [] []
[2020-06-21 10:29:39] merlin-logger.INFO: Imported " 				dashboard-1		" (Media) [] []
[2020-06-21 10:29:39] merlin-logger.DEBUG: Post 541 remapped to 541 [] []
[2020-06-21 10:29:43] merlin-logger.INFO: Imported " 				dashboard-1		" (Media) [] []
[2020-06-21 10:29:43] merlin-logger.DEBUG: Post 542 remapped to 542 [] []
[2020-06-21 10:29:45] merlin-logger.INFO: Imported " 				dashboard-2		" (Media) [] []
[2020-06-21 10:29:45] merlin-logger.DEBUG: Post 543 remapped to 543 [] []
[2020-06-21 10:29:45] merlin-logger.INFO: New AJAX call! [] []
[2020-06-21 10:29:46] merlin-logger.ERROR: An error occurred while fetching file from: <strong>D:\xampp\htdocs\kodestudio/wp-content/themes/softing/inc/merlin/demodata/redux.json</strong>!<br>Reason: http_request_failed - A valid URL was not provided.. {"url":"D:\\xampp\\htdocs\\kodestudio/wp-content/themes/softing/inc/merlin/demodata/redux.json","filename":"redux-0-2020-06-21__10-27-29.json"} []
[2020-06-21 10:29:46] merlin-logger.INFO: The content import AJAX call will be executed with this import data {"title":"Content","data":"D:\\xampp\\htdocs\\kodestudio/wp-content/themes/softing/inc/merlin/demodata/data.xml"} []
[2020-06-21 10:29:54] merlin-logger.INFO: Imported " 				dashboard-2		" (Media) [] []
[2020-06-21 10:29:54] merlin-logger.DEBUG: Post 544 remapped to 544 [] []
[2020-06-21 10:29:56] merlin-logger.INFO: Imported " 				dashboard-3		" (Media) [] []
[2020-06-21 10:29:56] merlin-logger.DEBUG: Post 545 remapped to 545 [] []
[2020-06-21 10:29:59] merlin-logger.INFO: Imported " 				screnshoot-1		" (Media) [] []
[2020-06-21 10:29:59] merlin-logger.DEBUG: Post 546 remapped to 546 [] []
[2020-06-21 10:30:02] merlin-logger.INFO: Imported " 				screnshoot-2		" (Media) [] []
[2020-06-21 10:30:02] merlin-logger.DEBUG: Post 547 remapped to 547 [] []
[2020-06-21 10:30:04] merlin-logger.INFO: Imported " 				screnshoot-3		" (Media) [] []
[2020-06-21 10:30:04] merlin-logger.DEBUG: Post 548 remapped to 548 [] []
[2020-06-21 10:30:04] merlin-logger.ERROR: Failed to import " 				brush		" (Media) [] []
[2020-06-21 10:30:04] merlin-logger.DEBUG: Sorry, this file type is not permitted for security reasons. [] []
[2020-06-21 10:30:04] merlin-logger.ERROR: Failed to import " 				waves-shape		" (Media) [] []
[2020-06-21 10:30:04] merlin-logger.DEBUG: Sorry, this file type is not permitted for security reasons. [] []
[2020-06-21 10:30:04] merlin-logger.ERROR: Failed to import " 				waves-shape-2		" (Media) [] []
[2020-06-21 10:30:04] merlin-logger.DEBUG: Sorry, this file type is not permitted for security reasons. [] []
[2020-06-21 10:30:04] merlin-logger.ERROR: Failed to import " 				waves-shape-3		" (Media) [] []
[2020-06-21 10:30:04] merlin-logger.DEBUG: Sorry, this file type is not permitted for security reasons. [] []
[2020-06-21 10:30:06] merlin-logger.INFO: Imported " 				2		" (Media) [] []
[2020-06-21 10:30:06] merlin-logger.DEBUG: Post 558 remapped to 558 [] []
[2020-06-21 10:30:06] merlin-logger.INFO: New AJAX call! [] []
[2020-06-21 10:30:07] merlin-logger.ERROR: An error occurred while fetching file from: <strong>D:\xampp\htdocs\kodestudio/wp-content/themes/softing/inc/merlin/demodata/redux.json</strong>!<br>Reason: http_request_failed - A valid URL was not provided.. {"url":"D:\\xampp\\htdocs\\kodestudio/wp-content/themes/softing/inc/merlin/demodata/redux.json","filename":"redux-0-2020-06-21__10-27-29.json"} []
[2020-06-21 10:30:07] merlin-logger.INFO: The content import AJAX call will be executed with this import data {"title":"Content","data":"D:\\xampp\\htdocs\\kodestudio/wp-content/themes/softing/inc/merlin/demodata/data.xml"} []
[2020-06-21 10:30:07] merlin-logger.ERROR: Failed to import " 				brush		" (Media) [] []
[2020-06-21 10:30:07] merlin-logger.DEBUG: Sorry, this file type is not permitted for security reasons. [] []
[2020-06-21 10:30:07] merlin-logger.ERROR: Failed to import " 				waves-shape		" (Media) [] []
[2020-06-21 10:30:07] merlin-logger.DEBUG: Sorry, this file type is not permitted for security reasons. [] []
[2020-06-21 10:30:07] merlin-logger.ERROR: Failed to import " 				waves-shape-2		" (Media) [] []
[2020-06-21 10:30:07] merlin-logger.DEBUG: Sorry, this file type is not permitted for security reasons. [] []
[2020-06-21 10:30:07] merlin-logger.ERROR: Failed to import " 				waves-shape-3		" (Media) [] []
[2020-06-21 10:30:07] merlin-logger.DEBUG: Sorry, this file type is not permitted for security reasons. [] []
[2020-06-21 10:30:09] merlin-logger.INFO: Imported " 				3		" (Media) [] []
[2020-06-21 10:30:09] merlin-logger.DEBUG: Post 559 remapped to 559 [] []
[2020-06-21 10:30:12] merlin-logger.INFO: Imported " 				6		" (Media) [] []
[2020-06-21 10:30:12] merlin-logger.DEBUG: Post 560 remapped to 560 [] []
[2020-06-21 10:30:16] merlin-logger.INFO: Imported " 				7		" (Media) [] []
[2020-06-21 10:30:16] merlin-logger.DEBUG: Post 561 remapped to 561 [] []
[2020-06-21 10:30:20] merlin-logger.INFO: Imported " 				8		" (Media) [] []
[2020-06-21 10:30:20] merlin-logger.DEBUG: Post 562 remapped to 562 [] []
[2020-06-21 10:30:21] merlin-logger.INFO: Imported " 				1		" (Media) [] []
[2020-06-21 10:30:21] merlin-logger.DEBUG: Post 568 remapped to 568 [] []
[2020-06-21 10:30:22] merlin-logger.INFO: Imported " 				2		" (Media) [] []
[2020-06-21 10:30:22] merlin-logger.DEBUG: Post 569 remapped to 569 [] []
[2020-06-21 10:30:24] merlin-logger.INFO: Imported " 				3		" (Media) [] []
[2020-06-21 10:30:24] merlin-logger.DEBUG: Post 570 remapped to 570 [] []
[2020-06-21 10:30:25] merlin-logger.INFO: Imported " 				4		" (Media) [] []
[2020-06-21 10:30:25] merlin-logger.DEBUG: Post 571 remapped to 571 [] []
[2020-06-21 10:30:26] merlin-logger.INFO: Imported " 				5		" (Media) [] []
[2020-06-21 10:30:26] merlin-logger.DEBUG: Post 572 remapped to 572 [] []
[2020-06-21 10:30:27] merlin-logger.INFO: Imported " 				6		" (Media) [] []
[2020-06-21 10:30:27] merlin-logger.DEBUG: Post 573 remapped to 573 [] []
[2020-06-21 10:30:28] merlin-logger.INFO: Imported " 				7		" (Media) [] []
[2020-06-21 10:30:28] merlin-logger.DEBUG: Post 574 remapped to 574 [] []
[2020-06-21 10:30:28] merlin-logger.INFO: New AJAX call! [] []
[2020-06-21 10:30:30] merlin-logger.ERROR: An error occurred while fetching file from: <strong>D:\xampp\htdocs\kodestudio/wp-content/themes/softing/inc/merlin/demodata/redux.json</strong>!<br>Reason: http_request_failed - A valid URL was not provided.. {"url":"D:\\xampp\\htdocs\\kodestudio/wp-content/themes/softing/inc/merlin/demodata/redux.json","filename":"redux-0-2020-06-21__10-27-29.json"} []
[2020-06-21 10:30:30] merlin-logger.INFO: The content import AJAX call will be executed with this import data {"title":"Content","data":"D:\\xampp\\htdocs\\kodestudio/wp-content/themes/softing/inc/merlin/demodata/data.xml"} []
[2020-06-21 10:30:30] merlin-logger.ERROR: Failed to import " 				brush		" (Media) [] []
[2020-06-21 10:30:30] merlin-logger.DEBUG: Sorry, this file type is not permitted for security reasons. [] []
[2020-06-21 10:30:30] merlin-logger.ERROR: Failed to import " 				waves-shape		" (Media) [] []
[2020-06-21 10:30:30] merlin-logger.DEBUG: Sorry, this file type is not permitted for security reasons. [] []
[2020-06-21 10:30:30] merlin-logger.ERROR: Failed to import " 				waves-shape-2		" (Media) [] []
[2020-06-21 10:30:30] merlin-logger.DEBUG: Sorry, this file type is not permitted for security reasons. [] []
[2020-06-21 10:30:30] merlin-logger.ERROR: Failed to import " 				waves-shape-3		" (Media) [] []
[2020-06-21 10:30:30] merlin-logger.DEBUG: Sorry, this file type is not permitted for security reasons. [] []
[2020-06-21 10:30:31] merlin-logger.INFO: Imported " 				8		" (Media) [] []
[2020-06-21 10:30:31] merlin-logger.DEBUG: Post 575 remapped to 575 [] []
[2020-06-21 10:30:32] merlin-logger.INFO: Imported " 				9		" (Media) [] []
[2020-06-21 10:30:32] merlin-logger.DEBUG: Post 576 remapped to 576 [] []
[2020-06-21 10:30:33] merlin-logger.INFO: Imported " 				10		" (Media) [] []
[2020-06-21 10:30:33] merlin-logger.DEBUG: Post 577 remapped to 577 [] []
[2020-06-21 10:30:36] merlin-logger.INFO: Imported " 				contact		" (Media) [] []
[2020-06-21 10:30:36] merlin-logger.DEBUG: Post 613 remapped to 613 [] []
[2020-06-21 10:30:36] merlin-logger.ERROR: Failed to import " 				app-4		" (Media) [] []
[2020-06-21 10:30:36] merlin-logger.DEBUG: Sorry, this file type is not permitted for security reasons. [] []
[2020-06-21 10:30:36] merlin-logger.ERROR: Failed to import " 				app-6		" (Media) [] []
[2020-06-21 10:30:36] merlin-logger.DEBUG: Sorry, this file type is not permitted for security reasons. [] []
[2020-06-21 10:30:37] merlin-logger.INFO: Imported " 				Terms of user		" (Navigation Menu Item) [] []
[2020-06-21 10:30:37] merlin-logger.DEBUG: Post 511 remapped to 511 [] []
[2020-06-21 10:30:37] merlin-logger.DEBUG: Processing menu item custom [] []
[2020-06-21 10:30:37] merlin-logger.DEBUG: Menu item 511 mapped to 511 [] []
[2020-06-21 10:30:37] merlin-logger.INFO: Imported " 				License		" (Navigation Menu Item) [] []
[2020-06-21 10:30:37] merlin-logger.DEBUG: Post 512 remapped to 512 [] []
[2020-06-21 10:30:37] merlin-logger.DEBUG: Processing menu item custom [] []
[2020-06-21 10:30:37] merlin-logger.DEBUG: Menu item 512 mapped to 512 [] []
[2020-06-21 10:30:37] merlin-logger.INFO: Imported " 				Support		" (Navigation Menu Item) [] []
[2020-06-21 10:30:37] merlin-logger.DEBUG: Post 513 remapped to 513 [] []
[2020-06-21 10:30:37] merlin-logger.DEBUG: Processing menu item custom [] []
[2020-06-21 10:30:37] merlin-logger.DEBUG: Menu item 513 mapped to 513 [] []
[2020-06-21 10:30:37] merlin-logger.INFO: Imported " 				Home Version One		" (Navigation Menu Item) [] []
[2020-06-21 10:30:37] merlin-logger.DEBUG: Post 517 remapped to 517 [] []
[2020-06-21 10:30:37] merlin-logger.DEBUG: Processing menu item post_type [] []
[2020-06-21 10:30:37] merlin-logger.INFO: Imported " 				Features		" (Navigation Menu Item) [] []
[2020-06-21 10:30:37] merlin-logger.DEBUG: Post 618 remapped to 618 [] []
[2020-06-21 10:30:37] merlin-logger.DEBUG: Processing menu item custom [] []
[2020-06-21 10:30:37] merlin-logger.DEBUG: Menu item 618 mapped to 618 [] []
[2020-06-21 10:30:37] merlin-logger.INFO: Imported " 				Pricing		" (Navigation Menu Item) [] []
[2020-06-21 10:30:37] merlin-logger.DEBUG: Post 620 remapped to 620 [] []
[2020-06-21 10:30:37] merlin-logger.DEBUG: Processing menu item custom [] []
[2020-06-21 10:30:37] merlin-logger.DEBUG: Menu item 620 mapped to 620 [] []
[2020-06-21 10:30:37] merlin-logger.INFO: Imported " 				Team		" (Navigation Menu Item) [] []
[2020-06-21 10:30:37] merlin-logger.DEBUG: Post 621 remapped to 621 [] []
[2020-06-21 10:30:37] merlin-logger.DEBUG: Processing menu item custom [] []
[2020-06-21 10:30:37] merlin-logger.DEBUG: Menu item 621 mapped to 621 [] []
[2020-06-21 10:30:37] merlin-logger.INFO: Imported " 				Contact		" (Navigation Menu Item) [] []
[2020-06-21 10:30:37] merlin-logger.DEBUG: Post 622 remapped to 622 [] []
[2020-06-21 10:30:37] merlin-logger.DEBUG: Processing menu item custom [] []
[2020-06-21 10:30:37] merlin-logger.DEBUG: Menu item 622 mapped to 622 [] []
[2020-06-21 10:30:37] merlin-logger.INFO: Imported " 				Home		" (Navigation Menu Item) [] []
[2020-06-21 10:30:37] merlin-logger.DEBUG: Post 623 remapped to 623 [] []
[2020-06-21 10:30:37] merlin-logger.DEBUG: Processing menu item custom [] []
[2020-06-21 10:30:37] merlin-logger.DEBUG: Menu item 623 mapped to 623 [] []
[2020-06-21 10:30:37] merlin-logger.INFO: Imported " 				Pages		" (Navigation Menu Item) [] []
[2020-06-21 10:30:37] merlin-logger.DEBUG: Post 624 remapped to 624 [] []
[2020-06-21 10:30:37] merlin-logger.DEBUG: Processing menu item custom [] []
[2020-06-21 10:30:37] merlin-logger.DEBUG: Menu item 624 mapped to 624 [] []
[2020-06-21 10:30:37] merlin-logger.INFO: Imported " 				Error 404		" (Navigation Menu Item) [] []
[2020-06-21 10:30:37] merlin-logger.DEBUG: Post 625 remapped to 625 [] []
[2020-06-21 10:30:37] merlin-logger.DEBUG: Processing menu item custom [] []
[2020-06-21 10:30:37] merlin-logger.DEBUG: Menu item 625 mapped to 625 [] []
[2020-06-21 10:30:37] merlin-logger.INFO: Imported " 				Blog Classic		" (Navigation Menu Item) [] []
[2020-06-21 10:30:37] merlin-logger.DEBUG: Post 631 remapped to 631 [] []
[2020-06-21 10:30:38] merlin-logger.DEBUG: Processing menu item post_type [] []
[2020-06-21 10:30:40] merlin-logger.INFO: Imported " 				cropped-logo.png		" (Media) [] []
[2020-06-21 10:30:40] merlin-logger.DEBUG: Post 785 remapped to 785 [] []
[2020-06-21 10:30:42] merlin-logger.INFO: Imported " 				cropped-logo-1.png		" (Media) [] []
[2020-06-21 10:30:42] merlin-logger.DEBUG: Post 786 remapped to 786 [] []
[2020-06-21 10:30:44] merlin-logger.INFO: Imported " 				cropped-preloader.gif		" (Media) [] []
[2020-06-21 10:30:44] merlin-logger.DEBUG: Post 787 remapped to 787 [] []
[2020-06-21 10:30:45] merlin-logger.INFO: Imported " 				favicon		" (Media) [] []
[2020-06-21 10:30:45] merlin-logger.DEBUG: Post 789 remapped to 789 [] []
[2020-06-21 10:30:47] merlin-logger.INFO: Imported " 				cropped-favicon.png		" (Media) [] []
[2020-06-21 10:30:47] merlin-logger.DEBUG: Post 790 remapped to 790 [] []
[2020-06-21 10:30:47] merlin-logger.INFO: Imported " 				softing		" (Custom CSS) [] []
[2020-06-21 10:30:47] merlin-logger.DEBUG: Post 793 remapped to 793 [] []
[2020-06-21 10:30:49] merlin-logger.INFO: Imported " 				logo-light		" (Media) [] []
[2020-06-21 10:30:49] merlin-logger.DEBUG: Post 824 remapped to 824 [] []
[2020-06-21 10:30:52] merlin-logger.INFO: Imported " 				logo		" (Media) [] []
[2020-06-21 10:30:52] merlin-logger.DEBUG: Post 825 remapped to 825 [] []
[2020-06-21 10:30:52] merlin-logger.INFO: New AJAX call! [] []
[2020-06-21 10:30:52] merlin-logger.ERROR: An error occurred while fetching file from: <strong>D:\xampp\htdocs\kodestudio/wp-content/themes/softing/inc/merlin/demodata/redux.json</strong>!<br>Reason: http_request_failed - A valid URL was not provided.. {"url":"D:\\xampp\\htdocs\\kodestudio/wp-content/themes/softing/inc/merlin/demodata/redux.json","filename":"redux-0-2020-06-21__10-27-29.json"} []
[2020-06-21 10:30:52] merlin-logger.INFO: The content import AJAX call will be executed with this import data {"title":"Content","data":"D:\\xampp\\htdocs\\kodestudio/wp-content/themes/softing/inc/merlin/demodata/data.xml"} []
[2020-06-21 10:30:52] merlin-logger.ERROR: Failed to import " 				brush		" (Media) [] []
[2020-06-21 10:30:52] merlin-logger.DEBUG: Sorry, this file type is not permitted for security reasons. [] []
[2020-06-21 10:30:52] merlin-logger.ERROR: Failed to import " 				waves-shape		" (Media) [] []
[2020-06-21 10:30:52] merlin-logger.DEBUG: Sorry, this file type is not permitted for security reasons. [] []
[2020-06-21 10:30:52] merlin-logger.ERROR: Failed to import " 				waves-shape-2		" (Media) [] []
[2020-06-21 10:30:52] merlin-logger.DEBUG: Sorry, this file type is not permitted for security reasons. [] []
[2020-06-21 10:30:52] merlin-logger.ERROR: Failed to import " 				waves-shape-3		" (Media) [] []
[2020-06-21 10:30:52] merlin-logger.DEBUG: Sorry, this file type is not permitted for security reasons. [] []
[2020-06-21 10:30:52] merlin-logger.ERROR: Failed to import " 				app-4		" (Media) [] []
[2020-06-21 10:30:52] merlin-logger.DEBUG: Sorry, this file type is not permitted for security reasons. [] []
[2020-06-21 10:30:52] merlin-logger.ERROR: Failed to import " 				app-6		" (Media) [] []
[2020-06-21 10:30:52] merlin-logger.DEBUG: Sorry, this file type is not permitted for security reasons. [] []
[2020-06-21 10:30:53] merlin-logger.INFO: Imported " 				Home 1		" (Page) [] []
[2020-06-21 10:30:53] merlin-logger.DEBUG: Post 2 remapped to 2 [] []
[2020-06-21 10:30:53] merlin-logger.INFO: Imported " 				Blog		" (Page) [] []
[2020-06-21 10:30:53] merlin-logger.DEBUG: Post 628 remapped to 628 [] []
[2020-06-21 10:30:53] merlin-logger.INFO: Imported " 				Home 2		" (Page) [] []
[2020-06-21 10:30:53] merlin-logger.DEBUG: Post 632 remapped to 632 [] []
[2020-06-21 10:30:53] merlin-logger.INFO: Imported " 				Home Version Two		" (Navigation Menu Item) [] []
[2020-06-21 10:30:53] merlin-logger.DEBUG: Post 636 remapped to 636 [] []
[2020-06-21 10:30:53] merlin-logger.DEBUG: Processing menu item post_type [] []
[2020-06-21 10:30:53] merlin-logger.DEBUG: Menu item 632 mapped to 632 [] []
[2020-06-21 10:30:53] merlin-logger.INFO: Imported " 				Home 3		" (Page) [] []
[2020-06-21 10:30:53] merlin-logger.DEBUG: Post 639 remapped to 639 [] []
[2020-06-21 10:30:54] merlin-logger.INFO: Imported " 				Home Version Three		" (Navigation Menu Item) [] []
[2020-06-21 10:30:54] merlin-logger.DEBUG: Post 645 remapped to 645 [] []
[2020-06-21 10:30:54] merlin-logger.DEBUG: Processing menu item post_type [] []
[2020-06-21 10:30:54] merlin-logger.DEBUG: Menu item 639 mapped to 639 [] []
[2020-06-21 10:30:54] merlin-logger.INFO: Imported " 				Home 4		" (Page) [] []
[2020-06-21 10:30:54] merlin-logger.DEBUG: Post 646 remapped to 646 [] []
[2020-06-21 10:30:54] merlin-logger.INFO: Imported " 				Home 5		" (Page) [] []
[2020-06-21 10:30:54] merlin-logger.DEBUG: Post 654 remapped to 654 [] []
[2020-06-21 10:30:54] merlin-logger.INFO: Imported " 				Home 6		" (Page) [] []
[2020-06-21 10:30:54] merlin-logger.DEBUG: Post 661 remapped to 661 [] []
[2020-06-21 10:30:54] merlin-logger.INFO: Imported " 				Home Version Five		" (Navigation Menu Item) [] []
[2020-06-21 10:30:54] merlin-logger.DEBUG: Post 665 remapped to 665 [] []
[2020-06-21 10:30:54] merlin-logger.DEBUG: Processing menu item post_type [] []
[2020-06-21 10:30:54] merlin-logger.DEBUG: Menu item 654 mapped to 654 [] []
[2020-06-21 10:30:54] merlin-logger.INFO: Imported " 				Home Version Four		" (Navigation Menu Item) [] []
[2020-06-21 10:30:54] merlin-logger.DEBUG: Post 666 remapped to 666 [] []
[2020-06-21 10:30:54] merlin-logger.DEBUG: Processing menu item post_type [] []
[2020-06-21 10:30:54] merlin-logger.DEBUG: Menu item 646 mapped to 646 [] []
[2020-06-21 10:30:54] merlin-logger.INFO: Imported " 				Home Version Six		" (Navigation Menu Item) [] []
[2020-06-21 10:30:54] merlin-logger.DEBUG: Post 667 remapped to 667 [] []
[2020-06-21 10:30:54] merlin-logger.DEBUG: Processing menu item post_type [] []
[2020-06-21 10:30:54] merlin-logger.DEBUG: Menu item 661 mapped to 661 [] []
[2020-06-21 10:30:54] merlin-logger.INFO: Imported " 				Blog Grid  2 Column		" (Page) [] []
[2020-06-21 10:30:54] merlin-logger.DEBUG: Post 743 remapped to 743 [] []
[2020-06-21 10:30:54] merlin-logger.INFO: Imported " 				Blog Grid		" (Navigation Menu Item) [] []
[2020-06-21 10:30:54] merlin-logger.DEBUG: Post 759 remapped to 759 [] []
[2020-06-21 10:30:55] merlin-logger.DEBUG: Processing menu item post_type [] []
[2020-06-21 10:30:55] merlin-logger.DEBUG: Menu item 743 mapped to 743 [] []
[2020-06-21 10:30:55] merlin-logger.INFO: Imported " 				Blog Post Video		" (Navigation Menu Item) [] []
[2020-06-21 10:30:55] merlin-logger.DEBUG: Post 760 remapped to 760 [] []
[2020-06-21 10:30:55] merlin-logger.DEBUG: Processing menu item post_type [] []
[2020-06-21 10:30:55] merlin-logger.INFO: Imported " 				Blog Post Audio		" (Navigation Menu Item) [] []
[2020-06-21 10:30:55] merlin-logger.DEBUG: Post 761 remapped to 761 [] []
[2020-06-21 10:30:55] merlin-logger.DEBUG: Processing menu item post_type [] []
[2020-06-21 10:30:55] merlin-logger.INFO: Imported " 				Blog Post Gallery Slider		" (Navigation Menu Item) [] []
[2020-06-21 10:30:55] merlin-logger.DEBUG: Post 762 remapped to 762 [] []
[2020-06-21 10:30:55] merlin-logger.DEBUG: Processing menu item post_type [] []
[2020-06-21 10:30:55] merlin-logger.INFO: Imported " 				Blog Post Image		" (Navigation Menu Item) [] []
[2020-06-21 10:30:55] merlin-logger.DEBUG: Post 763 remapped to 763 [] []
[2020-06-21 10:30:55] merlin-logger.DEBUG: Processing menu item post_type [] []
[2020-06-21 10:30:55] merlin-logger.INFO: Imported " 				Blog Grid 3 Column		" (Page) [] []
[2020-06-21 10:30:55] merlin-logger.DEBUG: Post 766 remapped to 766 [] []
[2020-06-21 10:30:55] merlin-logger.INFO: Imported " 				Blog Grid 2		" (Navigation Menu Item) [] []
[2020-06-21 10:30:55] merlin-logger.DEBUG: Post 769 remapped to 769 [] []
[2020-06-21 10:30:55] merlin-logger.DEBUG: Processing menu item post_type [] []
[2020-06-21 10:30:55] merlin-logger.DEBUG: Menu item 766 mapped to 766 [] []
[2020-06-21 10:30:55] merlin-logger.INFO: Imported " 				How to get sales and boost it.		" (Post) [] []
[2020-06-21 10:30:55] merlin-logger.DEBUG: Post 257 remapped to 257 [] []
[2020-06-21 10:30:55] merlin-logger.INFO: Imported " 				How to get stuff done in time.		" (Post) [] []
[2020-06-21 10:30:55] merlin-logger.DEBUG: Post 268 remapped to 268 [] []
[2020-06-21 10:30:56] merlin-logger.INFO: Imported " 				Trends you should not follow.		" (Post) [] []
[2020-06-21 10:30:56] merlin-logger.DEBUG: Post 439 remapped to 439 [] []
[2020-06-21 10:30:56] merlin-logger.INFO: Imported " 				Why minimalism is the future.		" (Post) [] []
[2020-06-21 10:30:56] merlin-logger.DEBUG: Post 441 remapped to 441 [] []
[2020-06-21 10:30:56] merlin-logger.INFO: Imported " 				BeachVibes - Modern Emotions		" (Post) [] []
[2020-06-21 10:30:56] merlin-logger.DEBUG: Post 444 remapped to 444 [] []
[2020-06-21 10:30:56] merlin-logger.INFO: Imported " 				Reasonably Conviction Solicitude		" (Post) [] []
[2020-06-21 10:30:56] merlin-logger.DEBUG: Post 445 remapped to 445 [] []
[2020-06-21 10:30:56] merlin-logger.INFO: Imported " 				Speaking Replying Mistress Him Numerous		" (Post) [] []
[2020-06-21 10:30:56] merlin-logger.DEBUG: Post 480 remapped to 480 [] []
[2020-06-21 10:30:56] merlin-logger.INFO: Imported " 				Believe Has Request Not How Comfort		" (Post) [] []
[2020-06-21 10:30:56] merlin-logger.DEBUG: Post 482 remapped to 482 [] []
[2020-06-21 10:30:56] merlin-logger.INFO: Imported " 				Subscribe form 1		" (Contact Form) [] []
[2020-06-21 10:30:56] merlin-logger.DEBUG: Post 487 remapped to 487 [] []
[2020-06-21 10:30:56] merlin-logger.INFO: Imported " 				Contact form		" (Contact Form) [] []
[2020-06-21 10:30:56] merlin-logger.DEBUG: Post 608 remapped to 608 [] []
[2020-06-21 10:30:56] merlin-logger.DEBUG: Running post-processing for post 5 [] []
[2020-06-21 10:30:56] merlin-logger.WARNING: Could not find the author for "2-vertical" (post #5) [] []
[2020-06-21 10:30:56] merlin-logger.DEBUG: Post 5 was imported with author "user_wska", but could not be found [] []
[2020-06-21 10:30:56] merlin-logger.DEBUG: Post 5 was marked for post-processing, but none was required. [] []
[2020-06-21 10:30:56] merlin-logger.DEBUG: Running post-processing for post 488 [] []
[2020-06-21 10:30:56] merlin-logger.WARNING: Could not find the author for "1" (post #488) [] []
[2020-06-21 10:30:56] merlin-logger.DEBUG: Post 488 was imported with author "user_wska", but could not be found [] []
[2020-06-21 10:30:56] merlin-logger.DEBUG: Running post-processing for post 489 [] []
[2020-06-21 10:30:56] merlin-logger.WARNING: Could not find the author for "1-vertical" (post #489) [] []
[2020-06-21 10:30:56] merlin-logger.DEBUG: Post 489 was imported with author "user_wska", but could not be found [] []
[2020-06-21 10:30:56] merlin-logger.DEBUG: Running post-processing for post 490 [] []
[2020-06-21 10:30:56] merlin-logger.WARNING: Could not find the author for "2" (post #490) [] []
[2020-06-21 10:30:56] merlin-logger.DEBUG: Post 490 was imported with author "user_wska", but could not be found [] []
[2020-06-21 10:30:56] merlin-logger.DEBUG: Running post-processing for post 492 [] []
[2020-06-21 10:30:56] merlin-logger.WARNING: Could not find the author for "3" (post #492) [] []
[2020-06-21 10:30:56] merlin-logger.DEBUG: Post 492 was imported with author "user_wska", but could not be found [] []
[2020-06-21 10:30:56] merlin-logger.DEBUG: Running post-processing for post 493 [] []
[2020-06-21 10:30:56] merlin-logger.WARNING: Could not find the author for "3-vertical" (post #493) [] []
[2020-06-21 10:30:56] merlin-logger.DEBUG: Post 493 was imported with author "user_wska", but could not be found [] []
[2020-06-21 10:30:56] merlin-logger.DEBUG: Running post-processing for post 494 [] []
[2020-06-21 10:30:56] merlin-logger.WARNING: Could not find the author for "4" (post #494) [] []
[2020-06-21 10:30:56] merlin-logger.DEBUG: Post 494 was imported with author "user_wska", but could not be found [] []
[2020-06-21 10:30:56] merlin-logger.DEBUG: Running post-processing for post 495 [] []
[2020-06-21 10:30:56] merlin-logger.WARNING: Could not find the author for "5" (post #495) [] []
[2020-06-21 10:30:56] merlin-logger.DEBUG: Post 495 was imported with author "user_wska", but could not be found [] []
[2020-06-21 10:30:56] merlin-logger.DEBUG: Running post-processing for post 500 [] []
[2020-06-21 10:30:56] merlin-logger.WARNING: Could not find the author for "1" (post #500) [] []
[2020-06-21 10:30:56] merlin-logger.DEBUG: Post 500 was imported with author "user_wska", but could not be found [] []
[2020-06-21 10:30:56] merlin-logger.DEBUG: Running post-processing for post 501 [] []
[2020-06-21 10:30:56] merlin-logger.WARNING: Could not find the author for "2" (post #501) [] []
[2020-06-21 10:30:56] merlin-logger.DEBUG: Post 501 was imported with author "user_wska", but could not be found [] []
[2020-06-21 10:30:56] merlin-logger.DEBUG: Running post-processing for post 502 [] []
[2020-06-21 10:30:56] merlin-logger.WARNING: Could not find the author for "3" (post #502) [] []
[2020-06-21 10:30:56] merlin-logger.DEBUG: Post 502 was imported with author "user_wska", but could not be found [] []
[2020-06-21 10:30:56] merlin-logger.DEBUG: Running post-processing for post 503 [] []
[2020-06-21 10:30:56] merlin-logger.WARNING: Could not find the author for "4" (post #503) [] []
[2020-06-21 10:30:56] merlin-logger.DEBUG: Post 503 was imported with author "user_wska", but could not be found [] []
[2020-06-21 10:30:56] merlin-logger.DEBUG: Running post-processing for post 504 [] []
[2020-06-21 10:30:56] merlin-logger.WARNING: Could not find the author for "5" (post #504) [] []
[2020-06-21 10:30:56] merlin-logger.DEBUG: Post 504 was imported with author "user_wska", but could not be found [] []
[2020-06-21 10:30:56] merlin-logger.DEBUG: Running post-processing for post 505 [] []
[2020-06-21 10:30:56] merlin-logger.WARNING: Could not find the author for "6" (post #505) [] []
[2020-06-21 10:30:56] merlin-logger.DEBUG: Post 505 was imported with author "user_wska", but could not be found [] []
[2020-06-21 10:30:56] merlin-logger.DEBUG: Running post-processing for post 506 [] []
[2020-06-21 10:30:56] merlin-logger.WARNING: Could not find the author for "7" (post #506) [] []
[2020-06-21 10:30:56] merlin-logger.DEBUG: Post 506 was imported with author "user_wska", but could not be found [] []
[2020-06-21 10:30:57] merlin-logger.DEBUG: Running post-processing for post 508 [] []
[2020-06-21 10:30:57] merlin-logger.WARNING: Could not find the author for "8" (post #508) [] []
[2020-06-21 10:30:57] merlin-logger.DEBUG: Post 508 was imported with author "user_wska", but could not be found [] []
[2020-06-21 10:30:57] merlin-logger.DEBUG: Running post-processing for post 526 [] []
[2020-06-21 10:30:57] merlin-logger.WARNING: Could not find the author for "preloader" (post #526) [] []
[2020-06-21 10:30:57] merlin-logger.DEBUG: Post 526 was imported with author "user_wska", but could not be found [] []
[2020-06-21 10:30:57] merlin-logger.DEBUG: Post 526 was marked for post-processing, but none was required. [] []
[2020-06-21 10:30:57] merlin-logger.DEBUG: Running post-processing for post 527 [] []
[2020-06-21 10:30:57] merlin-logger.WARNING: Could not find the author for "logo-big" (post #527) [] []
[2020-06-21 10:30:57] merlin-logger.DEBUG: Post 527 was imported with author "user_wska", but could not be found [] []
[2020-06-21 10:30:57] merlin-logger.DEBUG: Running post-processing for post 528 [] []
[2020-06-21 10:30:57] merlin-logger.WARNING: Could not find the author for "logo-light" (post #528) [] []
[2020-06-21 10:30:57] merlin-logger.DEBUG: Post 528 was imported with author "user_wska", but could not be found [] []
[2020-06-21 10:30:57] merlin-logger.DEBUG: Running post-processing for post 529 [] []
[2020-06-21 10:30:57] merlin-logger.WARNING: Could not find the author for "logo" (post #529) [] []
[2020-06-21 10:30:57] merlin-logger.DEBUG: Post 529 was imported with author "user_wska", but could not be found [] []
[2020-06-21 10:30:57] merlin-logger.DEBUG: Running post-processing for post 531 [] []
[2020-06-21 10:30:57] merlin-logger.WARNING: Could not find the author for "app" (post #531) [] []
[2020-06-21 10:30:57] merlin-logger.DEBUG: Post 531 was imported with author "user_wska", but could not be found [] []
[2020-06-21 10:30:57] merlin-logger.DEBUG: Running post-processing for post 532 [] []
[2020-06-21 10:30:57] merlin-logger.WARNING: Could not find the author for "app-1" (post #532) [] []
[2020-06-21 10:30:57] merlin-logger.DEBUG: Post 532 was imported with author "user_wska", but could not be found [] []
[2020-06-21 10:30:57] merlin-logger.DEBUG: Running post-processing for post 533 [] []
[2020-06-21 10:30:57] merlin-logger.WARNING: Could not find the author for "app-2" (post #533) [] []
[2020-06-21 10:30:57] merlin-logger.DEBUG: Post 533 was imported with author "user_wska", but could not be found [] []
[2020-06-21 10:30:57] merlin-logger.DEBUG: Running post-processing for post 534 [] []
[2020-06-21 10:30:57] merlin-logger.WARNING: Could not find the author for "app-3" (post #534) [] []
[2020-06-21 10:30:57] merlin-logger.DEBUG: Post 534 was imported with author "user_wska", but could not be found [] []
[2020-06-21 10:30:57] merlin-logger.DEBUG: Running post-processing for post 535 [] []
[2020-06-21 10:30:57] merlin-logger.WARNING: Could not find the author for "app-4" (post #535) [] []
[2020-06-21 10:30:57] merlin-logger.DEBUG: Post 535 was imported with author "user_wska", but could not be found [] []
[2020-06-21 10:30:57] merlin-logger.DEBUG: Running post-processing for post 536 [] []
[2020-06-21 10:30:57] merlin-logger.WARNING: Could not find the author for "app-5" (post #536) [] []
[2020-06-21 10:30:57] merlin-logger.DEBUG: Post 536 was imported with author "user_wska", but could not be found [] []
[2020-06-21 10:30:57] merlin-logger.DEBUG: Running post-processing for post 537 [] []
[2020-06-21 10:30:57] merlin-logger.WARNING: Could not find the author for "app-7" (post #537) [] []
[2020-06-21 10:30:57] merlin-logger.DEBUG: Post 537 was imported with author "user_wska", but could not be found [] []
[2020-06-21 10:30:57] merlin-logger.DEBUG: Running post-processing for post 538 [] []
[2020-06-21 10:30:57] merlin-logger.WARNING: Could not find the author for "app-8" (post #538) [] []
[2020-06-21 10:30:57] merlin-logger.DEBUG: Post 538 was imported with author "user_wska", but could not be found [] []
[2020-06-21 10:30:57] merlin-logger.DEBUG: Running post-processing for post 539 [] []
[2020-06-21 10:30:57] merlin-logger.WARNING: Could not find the author for "app-9" (post #539) [] []
[2020-06-21 10:30:57] merlin-logger.DEBUG: Post 539 was imported with author "user_wska", but could not be found [] []
[2020-06-21 10:30:57] merlin-logger.DEBUG: Running post-processing for post 540 [] []
[2020-06-21 10:30:57] merlin-logger.WARNING: Could not find the author for "app-10" (post #540) [] []
[2020-06-21 10:30:57] merlin-logger.DEBUG: Post 540 was imported with author "user_wska", but could not be found [] []
[2020-06-21 10:30:57] merlin-logger.DEBUG: Running post-processing for post 541 [] []
[2020-06-21 10:30:57] merlin-logger.WARNING: Could not find the author for "dashboard-1" (post #541) [] []
[2020-06-21 10:30:57] merlin-logger.DEBUG: Post 541 was imported with author "user_wska", but could not be found [] []
[2020-06-21 10:30:57] merlin-logger.DEBUG: Running post-processing for post 542 [] []
[2020-06-21 10:30:57] merlin-logger.WARNING: Could not find the author for "dashboard-1" (post #542) [] []
[2020-06-21 10:30:57] merlin-logger.DEBUG: Post 542 was imported with author "user_wska", but could not be found [] []
[2020-06-21 10:30:57] merlin-logger.DEBUG: Running post-processing for post 543 [] []
[2020-06-21 10:30:57] merlin-logger.WARNING: Could not find the author for "dashboard-2" (post #543) [] []
[2020-06-21 10:30:57] merlin-logger.DEBUG: Post 543 was imported with author "user_wska", but could not be found [] []
[2020-06-21 10:30:57] merlin-logger.DEBUG: Running post-processing for post 544 [] []
[2020-06-21 10:30:57] merlin-logger.WARNING: Could not find the author for "dashboard-2" (post #544) [] []
[2020-06-21 10:30:57] merlin-logger.DEBUG: Post 544 was imported with author "user_wska", but could not be found [] []
[2020-06-21 10:30:57] merlin-logger.DEBUG: Running post-processing for post 545 [] []
[2020-06-21 10:30:57] merlin-logger.WARNING: Could not find the author for "dashboard-3" (post #545) [] []
[2020-06-21 10:30:57] merlin-logger.DEBUG: Post 545 was imported with author "user_wska", but could not be found [] []
[2020-06-21 10:30:57] merlin-logger.DEBUG: Running post-processing for post 546 [] []
[2020-06-21 10:30:57] merlin-logger.WARNING: Could not find the author for "screnshoot-1" (post #546) [] []
[2020-06-21 10:30:57] merlin-logger.DEBUG: Post 546 was imported with author "user_wska", but could not be found [] []
[2020-06-21 10:30:57] merlin-logger.DEBUG: Running post-processing for post 547 [] []
[2020-06-21 10:30:57] merlin-logger.WARNING: Could not find the author for "screnshoot-2" (post #547) [] []
[2020-06-21 10:30:57] merlin-logger.DEBUG: Post 547 was imported with author "user_wska", but could not be found [] []
[2020-06-21 10:30:57] merlin-logger.DEBUG: Running post-processing for post 548 [] []
[2020-06-21 10:30:57] merlin-logger.WARNING: Could not find the author for "screnshoot-3" (post #548) [] []
[2020-06-21 10:30:57] merlin-logger.DEBUG: Post 548 was imported with author "user_wska", but could not be found [] []
[2020-06-21 10:30:57] merlin-logger.DEBUG: Running post-processing for post 558 [] []
[2020-06-21 10:30:57] merlin-logger.WARNING: Could not find the author for "2" (post #558) [] []
[2020-06-21 10:30:57] merlin-logger.DEBUG: Post 558 was imported with author "user_wska", but could not be found [] []
[2020-06-21 10:30:57] merlin-logger.DEBUG: Running post-processing for post 559 [] []
[2020-06-21 10:30:57] merlin-logger.WARNING: Could not find the author for "3" (post #559) [] []
[2020-06-21 10:30:57] merlin-logger.DEBUG: Post 559 was imported with author "user_wska", but could not be found [] []
[2020-06-21 10:30:57] merlin-logger.DEBUG: Running post-processing for post 560 [] []
[2020-06-21 10:30:57] merlin-logger.WARNING: Could not find the author for "6" (post #560) [] []
[2020-06-21 10:30:57] merlin-logger.DEBUG: Post 560 was imported with author "user_wska", but could not be found [] []
[2020-06-21 10:30:57] merlin-logger.DEBUG: Running post-processing for post 561 [] []
[2020-06-21 10:30:57] merlin-logger.WARNING: Could not find the author for "7" (post #561) [] []
[2020-06-21 10:30:57] merlin-logger.DEBUG: Post 561 was imported with author "user_wska", but could not be found [] []
[2020-06-21 10:30:57] merlin-logger.DEBUG: Running post-processing for post 562 [] []
[2020-06-21 10:30:57] merlin-logger.WARNING: Could not find the author for "8" (post #562) [] []
[2020-06-21 10:30:57] merlin-logger.DEBUG: Post 562 was imported with author "user_wska", but could not be found [] []
[2020-06-21 10:30:57] merlin-logger.DEBUG: Running post-processing for post 568 [] []
[2020-06-21 10:30:57] merlin-logger.WARNING: Could not find the author for "1" (post #568) [] []
[2020-06-21 10:30:57] merlin-logger.DEBUG: Post 568 was imported with author "user_wska", but could not be found [] []
[2020-06-21 10:30:57] merlin-logger.DEBUG: Running post-processing for post 569 [] []
[2020-06-21 10:30:57] merlin-logger.WARNING: Could not find the author for "2" (post #569) [] []
[2020-06-21 10:30:57] merlin-logger.DEBUG: Post 569 was imported with author "user_wska", but could not be found [] []
[2020-06-21 10:30:57] merlin-logger.DEBUG: Running post-processing for post 570 [] []
[2020-06-21 10:30:57] merlin-logger.WARNING: Could not find the author for "3" (post #570) [] []
[2020-06-21 10:30:57] merlin-logger.DEBUG: Post 570 was imported with author "user_wska", but could not be found [] []
[2020-06-21 10:30:57] merlin-logger.DEBUG: Running post-processing for post 571 [] []
[2020-06-21 10:30:57] merlin-logger.WARNING: Could not find the author for "4" (post #571) [] []
[2020-06-21 10:30:57] merlin-logger.DEBUG: Post 571 was imported with author "user_wska", but could not be found [] []
[2020-06-21 10:30:57] merlin-logger.DEBUG: Running post-processing for post 572 [] []
[2020-06-21 10:30:57] merlin-logger.WARNING: Could not find the author for "5" (post #572) [] []
[2020-06-21 10:30:57] merlin-logger.DEBUG: Post 572 was imported with author "user_wska", but could not be found [] []
[2020-06-21 10:30:57] merlin-logger.DEBUG: Running post-processing for post 573 [] []
[2020-06-21 10:30:57] merlin-logger.WARNING: Could not find the author for "6" (post #573) [] []
[2020-06-21 10:30:57] merlin-logger.DEBUG: Post 573 was imported with author "user_wska", but could not be found [] []
[2020-06-21 10:30:57] merlin-logger.DEBUG: Running post-processing for post 574 [] []
[2020-06-21 10:30:57] merlin-logger.WARNING: Could not find the author for "7" (post #574) [] []
[2020-06-21 10:30:57] merlin-logger.DEBUG: Post 574 was imported with author "user_wska", but could not be found [] []
[2020-06-21 10:30:57] merlin-logger.DEBUG: Running post-processing for post 575 [] []
[2020-06-21 10:30:57] merlin-logger.WARNING: Could not find the author for "8" (post #575) [] []
[2020-06-21 10:30:57] merlin-logger.DEBUG: Post 575 was imported with author "user_wska", but could not be found [] []
[2020-06-21 10:30:57] merlin-logger.DEBUG: Running post-processing for post 576 [] []
[2020-06-21 10:30:57] merlin-logger.WARNING: Could not find the author for "9" (post #576) [] []
[2020-06-21 10:30:57] merlin-logger.DEBUG: Post 576 was imported with author "user_wska", but could not be found [] []
[2020-06-21 10:30:57] merlin-logger.DEBUG: Running post-processing for post 577 [] []
[2020-06-21 10:30:57] merlin-logger.WARNING: Could not find the author for "10" (post #577) [] []
[2020-06-21 10:30:57] merlin-logger.DEBUG: Post 577 was imported with author "user_wska", but could not be found [] []
[2020-06-21 10:30:57] merlin-logger.DEBUG: Running post-processing for post 613 [] []
[2020-06-21 10:30:57] merlin-logger.WARNING: Could not find the author for "contact" (post #613) [] []
[2020-06-21 10:30:57] merlin-logger.DEBUG: Post 613 was imported with author "user_wska", but could not be found [] []
[2020-06-21 10:30:57] merlin-logger.DEBUG: Running post-processing for post 511 [] []
[2020-06-21 10:30:57] merlin-logger.WARNING: Could not find the author for "Terms of user" (post #511) [] []
[2020-06-21 10:30:57] merlin-logger.DEBUG: Post 511 was imported with author "user_wska", but could not be found [] []
[2020-06-21 10:30:57] merlin-logger.DEBUG: Post 511 was marked for post-processing, but none was required. [] []
[2020-06-21 10:30:57] merlin-logger.DEBUG: Running post-processing for post 512 [] []
[2020-06-21 10:30:57] merlin-logger.WARNING: Could not find the author for "License" (post #512) [] []
[2020-06-21 10:30:57] merlin-logger.DEBUG: Post 512 was imported with author "user_wska", but could not be found [] []
[2020-06-21 10:30:57] merlin-logger.DEBUG: Post 512 was marked for post-processing, but none was required. [] []
[2020-06-21 10:30:57] merlin-logger.DEBUG: Running post-processing for post 513 [] []
[2020-06-21 10:30:57] merlin-logger.WARNING: Could not find the author for "Support" (post #513) [] []
[2020-06-21 10:30:57] merlin-logger.DEBUG: Post 513 was imported with author "user_wska", but could not be found [] []
[2020-06-21 10:30:57] merlin-logger.DEBUG: Post 513 was marked for post-processing, but none was required. [] []
[2020-06-21 10:30:57] merlin-logger.DEBUG: Running post-processing for post 517 [] []
[2020-06-21 10:30:57] merlin-logger.WARNING: Could not find the author for "Home Version One" (post #517) [] []
[2020-06-21 10:30:57] merlin-logger.DEBUG: Post 517 was imported with author "user_wska", but could not be found [] []
[2020-06-21 10:30:57] merlin-logger.DEBUG: Post 517 was marked for post-processing, but none was required. [] []
[2020-06-21 10:30:57] merlin-logger.DEBUG: Running post-processing for post 618 [] []
[2020-06-21 10:30:57] merlin-logger.WARNING: Could not find the author for "Features" (post #618) [] []
[2020-06-21 10:30:57] merlin-logger.DEBUG: Post 618 was imported with author "user_wska", but could not be found [] []
[2020-06-21 10:30:57] merlin-logger.DEBUG: Post 618 was marked for post-processing, but none was required. [] []
[2020-06-21 10:30:57] merlin-logger.DEBUG: Running post-processing for post 620 [] []
[2020-06-21 10:30:57] merlin-logger.WARNING: Could not find the author for "Pricing" (post #620) [] []
[2020-06-21 10:30:57] merlin-logger.DEBUG: Post 620 was imported with author "user_wska", but could not be found [] []
[2020-06-21 10:30:57] merlin-logger.DEBUG: Post 620 was marked for post-processing, but none was required. [] []
[2020-06-21 10:30:57] merlin-logger.DEBUG: Running post-processing for post 621 [] []
[2020-06-21 10:30:57] merlin-logger.WARNING: Could not find the author for "Team" (post #621) [] []
[2020-06-21 10:30:57] merlin-logger.DEBUG: Post 621 was imported with author "user_wska", but could not be found [] []
[2020-06-21 10:30:57] merlin-logger.DEBUG: Post 621 was marked for post-processing, but none was required. [] []
[2020-06-21 10:30:57] merlin-logger.DEBUG: Running post-processing for post 622 [] []
[2020-06-21 10:30:57] merlin-logger.WARNING: Could not find the author for "Contact" (post #622) [] []
[2020-06-21 10:30:57] merlin-logger.DEBUG: Post 622 was imported with author "user_wska", but could not be found [] []
[2020-06-21 10:30:57] merlin-logger.DEBUG: Post 622 was marked for post-processing, but none was required. [] []
[2020-06-21 10:30:57] merlin-logger.DEBUG: Running post-processing for post 623 [] []
[2020-06-21 10:30:57] merlin-logger.WARNING: Could not find the author for "Home" (post #623) [] []
[2020-06-21 10:30:57] merlin-logger.DEBUG: Post 623 was imported with author "user_wska", but could not be found [] []
[2020-06-21 10:30:57] merlin-logger.DEBUG: Post 623 was marked for post-processing, but none was required. [] []
[2020-06-21 10:30:57] merlin-logger.DEBUG: Running post-processing for post 624 [] []
[2020-06-21 10:30:57] merlin-logger.WARNING: Could not find the author for "Pages" (post #624) [] []
[2020-06-21 10:30:57] merlin-logger.DEBUG: Post 624 was imported with author "user_wska", but could not be found [] []
[2020-06-21 10:30:57] merlin-logger.DEBUG: Post 624 was marked for post-processing, but none was required. [] []
[2020-06-21 10:30:57] merlin-logger.DEBUG: Running post-processing for post 625 [] []
[2020-06-21 10:30:57] merlin-logger.WARNING: Could not find the author for "Error 404" (post #625) [] []
[2020-06-21 10:30:57] merlin-logger.DEBUG: Post 625 was imported with author "user_wska", but could not be found [] []
[2020-06-21 10:30:57] merlin-logger.DEBUG: Post 625 was marked for post-processing, but none was required. [] []
[2020-06-21 10:30:57] merlin-logger.DEBUG: Running post-processing for post 631 [] []
[2020-06-21 10:30:57] merlin-logger.WARNING: Could not find the author for "Blog Classic" (post #631) [] []
[2020-06-21 10:30:57] merlin-logger.DEBUG: Post 631 was imported with author "user_wska", but could not be found [] []
[2020-06-21 10:30:57] merlin-logger.DEBUG: Post 631 was marked for post-processing, but none was required. [] []
[2020-06-21 10:30:57] merlin-logger.DEBUG: Running post-processing for post 785 [] []
[2020-06-21 10:30:57] merlin-logger.WARNING: Could not find the author for "cropped-logo.png" (post #785) [] []
[2020-06-21 10:30:57] merlin-logger.DEBUG: Post 785 was imported with author "user_wska", but could not be found [] []
[2020-06-21 10:30:57] merlin-logger.DEBUG: Post 785 was marked for post-processing, but none was required. [] []
[2020-06-21 10:30:57] merlin-logger.DEBUG: Running post-processing for post 786 [] []
[2020-06-21 10:30:57] merlin-logger.WARNING: Could not find the author for "cropped-logo-1.png" (post #786) [] []
[2020-06-21 10:30:57] merlin-logger.DEBUG: Post 786 was imported with author "user_wska", but could not be found [] []
[2020-06-21 10:30:57] merlin-logger.DEBUG: Post 786 was marked for post-processing, but none was required. [] []
[2020-06-21 10:30:57] merlin-logger.DEBUG: Running post-processing for post 787 [] []
[2020-06-21 10:30:57] merlin-logger.WARNING: Could not find the author for "cropped-preloader.gif" (post #787) [] []
[2020-06-21 10:30:57] merlin-logger.DEBUG: Post 787 was imported with author "user_wska", but could not be found [] []
[2020-06-21 10:30:57] merlin-logger.DEBUG: Post 787 was marked for post-processing, but none was required. [] []
[2020-06-21 10:30:57] merlin-logger.DEBUG: Running post-processing for post 789 [] []
[2020-06-21 10:30:57] merlin-logger.WARNING: Could not find the author for "favicon" (post #789) [] []
[2020-06-21 10:30:57] merlin-logger.DEBUG: Post 789 was imported with author "user_wska", but could not be found [] []
[2020-06-21 10:30:57] merlin-logger.DEBUG: Post 789 was marked for post-processing, but none was required. [] []
[2020-06-21 10:30:57] merlin-logger.DEBUG: Running post-processing for post 790 [] []
[2020-06-21 10:30:57] merlin-logger.WARNING: Could not find the author for "cropped-favicon.png" (post #790) [] []
[2020-06-21 10:30:57] merlin-logger.DEBUG: Post 790 was imported with author "user_wska", but could not be found [] []
[2020-06-21 10:30:57] merlin-logger.DEBUG: Post 790 was marked for post-processing, but none was required. [] []
[2020-06-21 10:30:57] merlin-logger.DEBUG: Running post-processing for post 793 [] []
[2020-06-21 10:30:57] merlin-logger.WARNING: Could not find the author for "softing" (post #793) [] []
[2020-06-21 10:30:57] merlin-logger.DEBUG: Post 793 was imported with author "user_wska", but could not be found [] []
[2020-06-21 10:30:57] merlin-logger.DEBUG: Post 793 was marked for post-processing, but none was required. [] []
[2020-06-21 10:30:57] merlin-logger.DEBUG: Running post-processing for post 824 [] []
[2020-06-21 10:30:57] merlin-logger.WARNING: Could not find the author for "logo-light" (post #824) [] []
[2020-06-21 10:30:57] merlin-logger.DEBUG: Post 824 was imported with author "user_wska", but could not be found [] []
[2020-06-21 10:30:57] merlin-logger.DEBUG: Post 824 was marked for post-processing, but none was required. [] []
[2020-06-21 10:30:57] merlin-logger.DEBUG: Running post-processing for post 825 [] []
[2020-06-21 10:30:57] merlin-logger.WARNING: Could not find the author for "logo" (post #825) [] []
[2020-06-21 10:30:57] merlin-logger.DEBUG: Post 825 was imported with author "user_wska", but could not be found [] []
[2020-06-21 10:30:57] merlin-logger.DEBUG: Post 825 was marked for post-processing, but none was required. [] []
[2020-06-21 10:30:57] merlin-logger.DEBUG: Running post-processing for post 2 [] []
[2020-06-21 10:30:57] merlin-logger.WARNING: Could not find the author for "Home 1" (post #2) [] []
[2020-06-21 10:30:57] merlin-logger.DEBUG: Post 2 was imported with author "user_wska", but could not be found [] []
[2020-06-21 10:30:57] merlin-logger.DEBUG: Post 2 was marked for post-processing, but none was required. [] []
[2020-06-21 10:30:57] merlin-logger.DEBUG: Running post-processing for post 628 [] []
[2020-06-21 10:30:57] merlin-logger.WARNING: Could not find the author for "Blog" (post #628) [] []
[2020-06-21 10:30:57] merlin-logger.DEBUG: Post 628 was imported with author "user_wska", but could not be found [] []
[2020-06-21 10:30:57] merlin-logger.DEBUG: Post 628 was marked for post-processing, but none was required. [] []
[2020-06-21 10:30:57] merlin-logger.DEBUG: Running post-processing for post 632 [] []
[2020-06-21 10:30:57] merlin-logger.WARNING: Could not find the author for "Home 2" (post #632) [] []
[2020-06-21 10:30:57] merlin-logger.DEBUG: Post 632 was imported with author "user_wska", but could not be found [] []
[2020-06-21 10:30:57] merlin-logger.DEBUG: Post 632 was marked for post-processing, but none was required. [] []
[2020-06-21 10:30:57] merlin-logger.DEBUG: Running post-processing for post 636 [] []
[2020-06-21 10:30:57] merlin-logger.WARNING: Could not find the author for "Home Version Two" (post #636) [] []
[2020-06-21 10:30:57] merlin-logger.DEBUG: Post 636 was imported with author "user_wska", but could not be found [] []
[2020-06-21 10:30:57] merlin-logger.DEBUG: Post 636 was marked for post-processing, but none was required. [] []
[2020-06-21 10:30:57] merlin-logger.DEBUG: Running post-processing for post 639 [] []
[2020-06-21 10:30:57] merlin-logger.WARNING: Could not find the author for "Home 3" (post #639) [] []
[2020-06-21 10:30:57] merlin-logger.DEBUG: Post 639 was imported with author "user_wska", but could not be found [] []
[2020-06-21 10:30:57] merlin-logger.DEBUG: Post 639 was marked for post-processing, but none was required. [] []
[2020-06-21 10:30:57] merlin-logger.DEBUG: Running post-processing for post 645 [] []
[2020-06-21 10:30:57] merlin-logger.WARNING: Could not find the author for "Home Version Three" (post #645) [] []
[2020-06-21 10:30:57] merlin-logger.DEBUG: Post 645 was imported with author "user_wska", but could not be found [] []
[2020-06-21 10:30:57] merlin-logger.DEBUG: Post 645 was marked for post-processing, but none was required. [] []
[2020-06-21 10:30:57] merlin-logger.DEBUG: Running post-processing for post 646 [] []
[2020-06-21 10:30:57] merlin-logger.WARNING: Could not find the author for "Home 4" (post #646) [] []
[2020-06-21 10:30:57] merlin-logger.DEBUG: Post 646 was imported with author "user_wska", but could not be found [] []
[2020-06-21 10:30:57] merlin-logger.DEBUG: Post 646 was marked for post-processing, but none was required. [] []
[2020-06-21 10:30:57] merlin-logger.DEBUG: Running post-processing for post 654 [] []
[2020-06-21 10:30:57] merlin-logger.WARNING: Could not find the author for "Home 5" (post #654) [] []
[2020-06-21 10:30:57] merlin-logger.DEBUG: Post 654 was imported with author "user_wska", but could not be found [] []
[2020-06-21 10:30:57] merlin-logger.DEBUG: Post 654 was marked for post-processing, but none was required. [] []
[2020-06-21 10:30:57] merlin-logger.DEBUG: Running post-processing for post 661 [] []
[2020-06-21 10:30:57] merlin-logger.WARNING: Could not find the author for "Home 6" (post #661) [] []
[2020-06-21 10:30:57] merlin-logger.DEBUG: Post 661 was imported with author "user_wska", but could not be found [] []
[2020-06-21 10:30:57] merlin-logger.DEBUG: Post 661 was marked for post-processing, but none was required. [] []
[2020-06-21 10:30:57] merlin-logger.DEBUG: Running post-processing for post 665 [] []
[2020-06-21 10:30:57] merlin-logger.WARNING: Could not find the author for "Home Version Five" (post #665) [] []
[2020-06-21 10:30:57] merlin-logger.DEBUG: Post 665 was imported with author "user_wska", but could not be found [] []
[2020-06-21 10:30:57] merlin-logger.DEBUG: Post 665 was marked for post-processing, but none was required. [] []
[2020-06-21 10:30:57] merlin-logger.DEBUG: Running post-processing for post 666 [] []
[2020-06-21 10:30:57] merlin-logger.WARNING: Could not find the author for "Home Version Four" (post #666) [] []
[2020-06-21 10:30:57] merlin-logger.DEBUG: Post 666 was imported with author "user_wska", but could not be found [] []
[2020-06-21 10:30:57] merlin-logger.DEBUG: Post 666 was marked for post-processing, but none was required. [] []
[2020-06-21 10:30:57] merlin-logger.DEBUG: Running post-processing for post 667 [] []
[2020-06-21 10:30:57] merlin-logger.WARNING: Could not find the author for "Home Version Six" (post #667) [] []
[2020-06-21 10:30:57] merlin-logger.DEBUG: Post 667 was imported with author "user_wska", but could not be found [] []
[2020-06-21 10:30:57] merlin-logger.DEBUG: Post 667 was marked for post-processing, but none was required. [] []
[2020-06-21 10:30:57] merlin-logger.DEBUG: Running post-processing for post 743 [] []
[2020-06-21 10:30:57] merlin-logger.WARNING: Could not find the author for "Blog Grid  2 Column" (post #743) [] []
[2020-06-21 10:30:57] merlin-logger.DEBUG: Post 743 was imported with author "user_wska", but could not be found [] []
[2020-06-21 10:30:57] merlin-logger.DEBUG: Post 743 was marked for post-processing, but none was required. [] []
[2020-06-21 10:30:57] merlin-logger.DEBUG: Running post-processing for post 759 [] []
[2020-06-21 10:30:57] merlin-logger.WARNING: Could not find the author for "Blog Grid" (post #759) [] []
[2020-06-21 10:30:57] merlin-logger.DEBUG: Post 759 was imported with author "user_wska", but could not be found [] []
[2020-06-21 10:30:57] merlin-logger.DEBUG: Post 759 was marked for post-processing, but none was required. [] []
[2020-06-21 10:30:57] merlin-logger.DEBUG: Running post-processing for post 760 [] []
[2020-06-21 10:30:57] merlin-logger.WARNING: Could not find the author for "Blog Post Video" (post #760) [] []
[2020-06-21 10:30:57] merlin-logger.DEBUG: Post 760 was imported with author "user_wska", but could not be found [] []
[2020-06-21 10:30:57] merlin-logger.DEBUG: Post 760 was marked for post-processing, but none was required. [] []
[2020-06-21 10:30:57] merlin-logger.DEBUG: Running post-processing for post 761 [] []
[2020-06-21 10:30:57] merlin-logger.WARNING: Could not find the author for "Blog Post Audio" (post #761) [] []
[2020-06-21 10:30:57] merlin-logger.DEBUG: Post 761 was imported with author "user_wska", but could not be found [] []
[2020-06-21 10:30:57] merlin-logger.DEBUG: Post 761 was marked for post-processing, but none was required. [] []
[2020-06-21 10:30:57] merlin-logger.DEBUG: Running post-processing for post 762 [] []
[2020-06-21 10:30:57] merlin-logger.WARNING: Could not find the author for "Blog Post Gallery Slider" (post #762) [] []
[2020-06-21 10:30:57] merlin-logger.DEBUG: Post 762 was imported with author "user_wska", but could not be found [] []
[2020-06-21 10:30:57] merlin-logger.DEBUG: Post 762 was marked for post-processing, but none was required. [] []
[2020-06-21 10:30:57] merlin-logger.DEBUG: Running post-processing for post 763 [] []
[2020-06-21 10:30:57] merlin-logger.WARNING: Could not find the author for "Blog Post Image" (post #763) [] []
[2020-06-21 10:30:57] merlin-logger.DEBUG: Post 763 was imported with author "user_wska", but could not be found [] []
[2020-06-21 10:30:57] merlin-logger.DEBUG: Post 763 was marked for post-processing, but none was required. [] []
[2020-06-21 10:30:57] merlin-logger.DEBUG: Running post-processing for post 766 [] []
[2020-06-21 10:30:57] merlin-logger.WARNING: Could not find the author for "Blog Grid 3 Column" (post #766) [] []
[2020-06-21 10:30:57] merlin-logger.DEBUG: Post 766 was imported with author "user_wska", but could not be found [] []
[2020-06-21 10:30:57] merlin-logger.DEBUG: Post 766 was marked for post-processing, but none was required. [] []
[2020-06-21 10:30:57] merlin-logger.DEBUG: Running post-processing for post 769 [] []
[2020-06-21 10:30:57] merlin-logger.WARNING: Could not find the author for "Blog Grid 2" (post #769) [] []
[2020-06-21 10:30:57] merlin-logger.DEBUG: Post 769 was imported with author "user_wska", but could not be found [] []
[2020-06-21 10:30:57] merlin-logger.DEBUG: Post 769 was marked for post-processing, but none was required. [] []
[2020-06-21 10:30:57] merlin-logger.DEBUG: Running post-processing for post 257 [] []
[2020-06-21 10:30:57] merlin-logger.WARNING: Could not find the author for "How to get sales and boost it." (post #257) [] []
[2020-06-21 10:30:57] merlin-logger.DEBUG: Post 257 was imported with author "user_wska", but could not be found [] []
[2020-06-21 10:30:57] merlin-logger.DEBUG: Post 257 was marked for post-processing, but none was required. [] []
[2020-06-21 10:30:57] merlin-logger.DEBUG: Running post-processing for post 268 [] []
[2020-06-21 10:30:57] merlin-logger.WARNING: Could not find the author for "How to get stuff done in time." (post #268) [] []
[2020-06-21 10:30:57] merlin-logger.DEBUG: Post 268 was imported with author "user_wska", but could not be found [] []
[2020-06-21 10:30:57] merlin-logger.DEBUG: Post 268 was marked for post-processing, but none was required. [] []
[2020-06-21 10:30:57] merlin-logger.DEBUG: Running post-processing for post 439 [] []
[2020-06-21 10:30:57] merlin-logger.WARNING: Could not find the author for "Trends you should not follow." (post #439) [] []
[2020-06-21 10:30:57] merlin-logger.DEBUG: Post 439 was imported with author "user_wska", but could not be found [] []
[2020-06-21 10:30:57] merlin-logger.DEBUG: Post 439 was marked for post-processing, but none was required. [] []
[2020-06-21 10:30:57] merlin-logger.DEBUG: Running post-processing for post 441 [] []
[2020-06-21 10:30:57] merlin-logger.WARNING: Could not find the author for "Why minimalism is the future." (post #441) [] []
[2020-06-21 10:30:57] merlin-logger.DEBUG: Post 441 was imported with author "user_wska", but could not be found [] []
[2020-06-21 10:30:57] merlin-logger.DEBUG: Post 441 was marked for post-processing, but none was required. [] []
[2020-06-21 10:30:57] merlin-logger.DEBUG: Running post-processing for post 444 [] []
[2020-06-21 10:30:57] merlin-logger.WARNING: Could not find the author for "BeachVibes &#8211; Modern Emotions" (post #444) [] []
[2020-06-21 10:30:57] merlin-logger.DEBUG: Post 444 was imported with author "user_wska", but could not be found [] []
[2020-06-21 10:30:57] merlin-logger.DEBUG: Post 444 was marked for post-processing, but none was required. [] []
[2020-06-21 10:30:57] merlin-logger.DEBUG: Running post-processing for post 445 [] []
[2020-06-21 10:30:57] merlin-logger.WARNING: Could not find the author for "Reasonably Conviction Solicitude" (post #445) [] []
[2020-06-21 10:30:57] merlin-logger.DEBUG: Post 445 was imported with author "user_wska", but could not be found [] []
[2020-06-21 10:30:57] merlin-logger.DEBUG: Post 445 was marked for post-processing, but none was required. [] []
[2020-06-21 10:30:57] merlin-logger.DEBUG: Running post-processing for post 480 [] []
[2020-06-21 10:30:57] merlin-logger.WARNING: Could not find the author for "Speaking Replying Mistress Him Numerous" (post #480) [] []
[2020-06-21 10:30:57] merlin-logger.DEBUG: Post 480 was imported with author "user_wska", but could not be found [] []
[2020-06-21 10:30:57] merlin-logger.DEBUG: Post 480 was marked for post-processing, but none was required. [] []
[2020-06-21 10:30:57] merlin-logger.DEBUG: Running post-processing for post 482 [] []
[2020-06-21 10:30:57] merlin-logger.WARNING: Could not find the author for "Believe Has Request Not How Comfort" (post #482) [] []
[2020-06-21 10:30:57] merlin-logger.DEBUG: Post 482 was imported with author "user_wska", but could not be found [] []
[2020-06-21 10:30:57] merlin-logger.DEBUG: Post 482 was marked for post-processing, but none was required. [] []
[2020-06-21 10:30:57] merlin-logger.DEBUG: Running post-processing for post 487 [] []
[2020-06-21 10:30:57] merlin-logger.WARNING: Could not find the author for "Subscribe form 1" (post #487) [] []
[2020-06-21 10:30:57] merlin-logger.DEBUG: Post 487 was imported with author "user_wska", but could not be found [] []
[2020-06-21 10:30:57] merlin-logger.DEBUG: Post 487 was marked for post-processing, but none was required. [] []
[2020-06-21 10:30:57] merlin-logger.DEBUG: Running post-processing for post 608 [] []
[2020-06-21 10:30:57] merlin-logger.WARNING: Could not find the author for "Contact form" (post #608) [] []
[2020-06-21 10:30:57] merlin-logger.DEBUG: Post 608 was imported with author "user_wska", but could not be found [] []
[2020-06-21 10:30:57] merlin-logger.DEBUG: Post 608 was marked for post-processing, but none was required. [] []
[2020-06-21 10:30:57] merlin-logger.WARNING: Could not find the author for comment #2 [] []
[2020-06-21 10:30:57] merlin-logger.DEBUG: Comment 2 was imported with author 1, but could not be found [] []
[2020-06-21 10:30:57] merlin-logger.WARNING: Could not find the author for comment #3 [] []
[2020-06-21 10:30:57] merlin-logger.DEBUG: Comment 3 was imported with author 1, but could not be found [] []
[2020-06-21 10:30:57] merlin-logger.WARNING: Could not find the author for comment #4 [] []
[2020-06-21 10:30:57] merlin-logger.DEBUG: Comment 4 was imported with author 1, but could not be found [] []
[2020-06-21 10:30:57] merlin-logger.WARNING: Could not find the author for comment #5 [] []
[2020-06-21 10:30:57] merlin-logger.DEBUG: Comment 5 was imported with author 1, but could not be found [] []
[2020-06-21 10:30:57] merlin-logger.WARNING: Could not find the author for comment #6 [] []
[2020-06-21 10:30:57] merlin-logger.DEBUG: Comment 6 was imported with author 1, but could not be found [] []
[2020-06-21 10:30:57] merlin-logger.WARNING: Could not find the author for comment #7 [] []
[2020-06-21 10:30:57] merlin-logger.DEBUG: Comment 7 was imported with author 1, but could not be found [] []
[2020-06-21 10:30:57] merlin-logger.WARNING: Could not find the author for comment #8 [] []
[2020-06-21 10:30:57] merlin-logger.DEBUG: Comment 8 was imported with author 1, but could not be found [] []
[2020-06-21 10:30:57] merlin-logger.WARNING: Could not find the author for comment #9 [] []
[2020-06-21 10:30:57] merlin-logger.DEBUG: Comment 9 was imported with author 1, but could not be found [] []
[2020-06-21 10:30:57] merlin-logger.WARNING: Could not find the author for comment #10 [] []
[2020-06-21 10:30:57] merlin-logger.DEBUG: Comment 10 was imported with author 1, but could not be found [] []
[2020-06-21 10:30:57] merlin-logger.WARNING: Could not find the author for comment #11 [] []
[2020-06-21 10:30:57] merlin-logger.DEBUG: Comment 11 was imported with author 1, but could not be found [] []
[2020-06-21 10:30:57] merlin-logger.WARNING: Could not find the author for comment #12 [] []
[2020-06-21 10:30:57] merlin-logger.DEBUG: Comment 12 was imported with author 1, but could not be found [] []
[2020-06-21 10:30:57] merlin-logger.WARNING: Could not find the author for comment #13 [] []
[2020-06-21 10:30:57] merlin-logger.DEBUG: Comment 13 was imported with author 1, but could not be found [] []
[2020-06-21 10:30:57] merlin-logger.WARNING: Could not find the author for comment #14 [] []
[2020-06-21 10:30:57] merlin-logger.DEBUG: Comment 14 was imported with author 1, but could not be found [] []
[2020-06-21 10:30:57] merlin-logger.WARNING: Could not find the author for comment #15 [] []
[2020-06-21 10:30:57] merlin-logger.DEBUG: Comment 15 was imported with author 1, but could not be found [] []
[2020-06-21 10:30:57] merlin-logger.WARNING: Could not find the author for comment #16 [] []
[2020-06-21 10:30:57] merlin-logger.DEBUG: Comment 16 was imported with author 1, but could not be found [] []
[2020-06-21 10:30:57] merlin-logger.WARNING: Could not find the author for comment #17 [] []
[2020-06-21 10:30:57] merlin-logger.DEBUG: Comment 17 was imported with author 1, but could not be found [] []
[2020-06-21 10:30:57] merlin-logger.WARNING: Could not find the author for comment #18 [] []
[2020-06-21 10:30:57] merlin-logger.DEBUG: Comment 18 was imported with author 1, but could not be found [] []
[2020-06-21 10:30:57] merlin-logger.WARNING: Could not find the author for comment #19 [] []
[2020-06-21 10:30:57] merlin-logger.DEBUG: Comment 19 was imported with author 1, but could not be found [] []
[2020-06-21 10:30:57] merlin-logger.WARNING: Could not find the author for comment #20 [] []
[2020-06-21 10:30:57] merlin-logger.DEBUG: Comment 20 was imported with author 1, but could not be found [] []
[2020-06-21 10:30:57] merlin-logger.INFO: Starting remapping of featured images [] []
[2020-06-21 10:30:57] merlin-logger.DEBUG: The home page was set {"homepage_id":"[object] (WP_Post: {\"ID\":6,\"post_author\":\"1\",\"post_date\":\"2020-06-20 08:25:36\",\"post_date_gmt\":\"2020-06-20 08:25:36\",\"post_content\":\"<!-- wp:paragraph -->\\n<p>This is the home page.</p>\\n<!-- /wp:paragraph -->\",\"post_title\":\"Home\",\"post_excerpt\":\"\",\"post_status\":\"publish\",\"comment_status\":\"closed\",\"ping_status\":\"closed\",\"post_password\":\"\",\"post_name\":\"home\",\"to_ping\":\"\",\"pinged\":\"\",\"post_modified\":\"2020-06-20 11:27:42\",\"post_modified_gmt\":\"2020-06-20 11:27:42\",\"post_content_filtered\":\"\",\"post_parent\":0,\"guid\":\"http://localhost/kodestudio/?page_id=6\",\"menu_order\":0,\"post_type\":\"page\",\"post_mime_type\":\"\",\"comment_count\":\"0\",\"filter\":\"raw\"})"} []
[2020-06-21 10:30:57] merlin-logger.DEBUG: The blog page was set {"blog_page_id":"[object] (WP_Post: {\"ID\":628,\"post_author\":\"1\",\"post_date\":\"2019-01-12 03:16:37\",\"post_date_gmt\":\"2019-01-12 03:16:37\",\"post_content\":\"\\n\\t\\t\\t\\t\\t\\t\",\"post_title\":\"Blog\",\"post_excerpt\":\"\\n\\t\\t\\t\\t\\t\\t\",\"post_status\":\"publish\",\"comment_status\":\"closed\",\"ping_status\":\"closed\",\"post_password\":\"\",\"post_name\":\"blog-2\",\"to_ping\":\"\",\"pinged\":\"\",\"post_modified\":\"2019-01-12 03:16:37\",\"post_modified_gmt\":\"2019-01-12 03:16:37\",\"post_content_filtered\":\"\",\"post_parent\":0,\"guid\":\"https://www.ninetheme.com/themes/softing/?page_id=628\",\"menu_order\":0,\"post_type\":\"page\",\"post_mime_type\":\"\",\"comment_count\":\"0\",\"filter\":\"raw\"})"} []
[2020-06-21 10:30:59] merlin-logger.ERROR: An error occurred while fetching file from: <strong>D:\xampp\htdocs\kodestudio/wp-content/themes/softing/inc/merlin/demodata/redux.json</strong>!<br>Reason: http_request_failed - A valid URL was not provided.. {"url":"D:\\xampp\\htdocs\\kodestudio/wp-content/themes/softing/inc/merlin/demodata/redux.json","filename":"redux-0-2020-06-21__10-27-29.json"} []
[2020-06-21 10:31:00] merlin-logger.ERROR: An error occurred while fetching file from: <strong>D:\xampp\htdocs\kodestudio/wp-content/themes/softing/inc/merlin/demodata/redux.json</strong>!<br>Reason: http_request_failed - A valid URL was not provided.. {"url":"D:\\xampp\\htdocs\\kodestudio/wp-content/themes/softing/inc/merlin/demodata/redux.json","filename":"redux-0-2020-06-21__10-27-29.json"} []
[2020-06-21 10:31:00] merlin-logger.INFO: The content import AJAX call will be executed with this import data {"title":"Widgets","data":"D:\\xampp\\htdocs\\kodestudio/wp-content/themes/softing/inc/merlin/demodata/widgets.wie"} []
[2020-06-21 10:31:00] merlin-logger.DEBUG: Blog Sidebar :   Text - About Author - Imported Search - No Title - Imported Recent Posts - No Title - Imported Recent Comments - No Title - Imported Archives - No Title - Imported Categories - No Title - Imported Tag Cloud - No Title - Imported Calendar - Calendar - Imported Meta - No Title - Imported  softing-footer-widget-1 : Sidebar does not exist in theme (moving widget to Inactive)  Custom HTML - No Title - Imported to Inactive  softing-footer-widget-2 : Sidebar does not exist in theme (moving widget to Inactive)  Custom HTML - No Title - Imported to Inactive  softing-footer-widget-3 : Sidebar does not exist in theme (moving widget to Inactive)  Custom HTML - No Title - Imported to Inactive  softing-footer-widget-4 : Sidebar does not exist in theme (moving widget to Inactive)  Custom HTML - No Title - Imported to Inactive   [] []
[2020-06-21 10:31:01] merlin-logger.ERROR: An error occurred while fetching file from: <strong>D:\xampp\htdocs\kodestudio/wp-content/themes/softing/inc/merlin/demodata/redux.json</strong>!<br>Reason: http_request_failed - A valid URL was not provided.. {"url":"D:\\xampp\\htdocs\\kodestudio/wp-content/themes/softing/inc/merlin/demodata/redux.json","filename":"redux-0-2020-06-21__10-27-29.json"} []
[2020-06-21 10:31:02] merlin-logger.ERROR: An error occurred while fetching file from: <strong>D:\xampp\htdocs\kodestudio/wp-content/themes/softing/inc/merlin/demodata/redux.json</strong>!<br>Reason: http_request_failed - A valid URL was not provided.. {"url":"D:\\xampp\\htdocs\\kodestudio/wp-content/themes/softing/inc/merlin/demodata/redux.json","filename":"redux-0-2020-06-21__10-27-29.json"} []
[2020-06-21 10:31:02] merlin-logger.INFO: The content import AJAX call will be executed with this import data {"title":"Redux Options","data":[{"option_name":"softing","file_path":""}]} []
[2020-06-21 10:31:02] merlin-logger.DEBUG: The Redux Framework data was imported {"option_name":"softing","file_path":""} []
[2020-06-21 10:31:02] merlin-logger.ERROR: An error occurred while fetching file from: <strong>D:\xampp\htdocs\kodestudio/wp-content/themes/softing/inc/merlin/demodata/redux.json</strong>!<br>Reason: http_request_failed - A valid URL was not provided.. {"url":"D:\\xampp\\htdocs\\kodestudio/wp-content/themes/softing/inc/merlin/demodata/redux.json","filename":"redux-0-2020-06-21__10-27-29.json"} []
[2020-06-21 10:31:03] merlin-logger.ERROR: An error occurred while fetching file from: <strong>D:\xampp\htdocs\kodestudio/wp-content/themes/softing/inc/merlin/demodata/redux.json</strong>!<br>Reason: http_request_failed - A valid URL was not provided.. {"url":"D:\\xampp\\htdocs\\kodestudio/wp-content/themes/softing/inc/merlin/demodata/redux.json","filename":"redux-0-2020-06-21__10-27-29.json"} []
[2020-06-21 10:31:03] merlin-logger.INFO: The content import AJAX call will be executed with this import data {"title":"After import setup","data":0} []
[2020-06-21 10:31:09] merlin-logger.DEBUG: The final step has been displayed [] []
[2020-06-21 10:35:07] merlin-logger.DEBUG: The welcome step has been displayed [] []
[2020-06-21 10:35:13] merlin-logger.DEBUG: The child theme installation step has been displayed [] []
